Connecting to database specified by database.yml
Compiled jquery.js  (45ms)  (pid 7807)
Compiled jquery-ui.js  (3ms)  (pid 7807)
Compiled jquery_ujs.js  (0ms)  (pid 7807)
Compiled active_admin/application.js  (0ms)  (pid 7807)
Compiled active_admin/base.js  (120ms)  (pid 7807)
Compiled active_admin.js  (129ms)  (pid 7807)
Compiled app.js  (3ms)  (pid 7807)
Compiled jcarousellite_1.0.1.js  (1ms)  (pid 7807)
Compiled lowerslider.js  (0ms)  (pid 7807)
Compiled notice_slider.js  (0ms)  (pid 7807)
Compiled noticeslider.js  (0ms)  (pid 7807)
Compiled pages.js  (184ms)  (pid 7807)
Compiled application.js  (293ms)  (pid 7807)
Compiled active_admin.css  (2375ms)  (pid 7807)
Compiled application.css  (0ms)  (pid 7807)
Connecting to database specified by database.yml
Compiled jquery.js  (6ms)  (pid 7807)
Compiled jquery-ui.js  (42ms)  (pid 7807)
Compiled jquery_ujs.js  (0ms)  (pid 7807)
Compiled active_admin/application.js  (0ms)  (pid 7807)
Compiled active_admin/base.js  (83ms)  (pid 7807)
Compiled active_admin.js  (90ms)  (pid 7807)
Compiled app.js  (3ms)  (pid 7807)
Compiled jcarousellite_1.0.1.js  (1ms)  (pid 7807)
Compiled lowerslider.js  (0ms)  (pid 7807)
Compiled notice_slider.js  (0ms)  (pid 7807)
Compiled noticeslider.js  (0ms)  (pid 7807)
Compiled pages.js  (202ms)  (pid 7807)
Compiled application.js  (246ms)  (pid 7807)
Compiled active_admin.css  (1637ms)  (pid 7807)
Compiled application.css  (0ms)  (pid 7807)
Connecting to database specified by database.yml
Compiled jquery.js  (45ms)  (pid 7940)
Compiled jquery-ui.js  (3ms)  (pid 7940)
Compiled jquery_ujs.js  (0ms)  (pid 7940)
Compiled active_admin/application.js  (0ms)  (pid 7940)
Compiled active_admin/base.js  (120ms)  (pid 7940)
Compiled active_admin.js  (127ms)  (pid 7940)
Compiled app.js  (3ms)  (pid 7940)
Compiled jcarousellite_1.0.1.js  (1ms)  (pid 7940)
Compiled lowerslider.js  (0ms)  (pid 7940)
Compiled notice_slider.js  (0ms)  (pid 7940)
Compiled noticeslider.js  (0ms)  (pid 7940)
Compiled pages.js  (166ms)  (pid 7940)
Compiled application.js  (249ms)  (pid 7940)
Compiled active_admin.css  (1749ms)  (pid 7940)
Compiled application.css  (0ms)  (pid 7940)
Connecting to database specified by database.yml
Compiled jquery.js  (6ms)  (pid 7940)
Compiled jquery-ui.js  (43ms)  (pid 7940)
Compiled jquery_ujs.js  (0ms)  (pid 7940)
Compiled active_admin/application.js  (0ms)  (pid 7940)
Compiled active_admin/base.js  (83ms)  (pid 7940)
Compiled active_admin.js  (90ms)  (pid 7940)
Compiled app.js  (3ms)  (pid 7940)
Compiled jcarousellite_1.0.1.js  (1ms)  (pid 7940)
Compiled lowerslider.js  (0ms)  (pid 7940)
Compiled notice_slider.js  (0ms)  (pid 7940)
Compiled noticeslider.js  (0ms)  (pid 7940)
Compiled pages.js  (205ms)  (pid 7940)
Compiled application.js  (248ms)  (pid 7940)
Compiled active_admin.css  (1632ms)  (pid 7940)
Compiled application.css  (0ms)  (pid 7940)
